2014-08-15 13:08:33 INFO  Main:71 - {"children":{"f":{"children":{"c":{"children":{"q":{"children":{"*":{"children":{},"matchingString":null}},"matchingString":null}},"matchingString":null},"+":{"children":{"+":{"children":{"+":{"children":{"+":{"children":{"*":{"children":{},"matchingString":null}},"matchingString":null}},"matchingString":null}},"matchingString":null}},"matchingString":null},"y":{"children":{},"matchingString":null}},"matchingString":null},"g":{"children":{"w":{"children":{},"matchingString":null}},"matchingString":null},"d":{"children":{"g":{"children":{"+":{"children":{"+":{"children":{"*":{"children":{},"matchingString":null}},"matchingString":null}},"matchingString":null}},"matchingString":null},"+":{"children":{"#":{"children":{},"matchingString":null},"k":{"children":{"#":{"children":{},"matchingString":null}},"matchingString":null}},"matchingString":null},"x":{"children":{"#":{"children":{},"matchingString":null}},"matchingString":null}},"matchingString":null},"e":{"children":{"#":{"children":{},"matchingString":null},"s":{"children":{"e":{"children":{"z":{"children":{"s":{"children":{},"matchingString":null}},"matchingString":null}},"matchingString":null}},"matchingString":null}},"matchingString":null},"b":{"children":{"t":{"children":{"*":{"children":{},"matchingString":null}},"matchingString":null},"*":{"children":{},"matchingString":null},"+":{"children":{"#":{"children":{},"matchingString":null},"+":{"children":{"*":{"children":{},"matchingString":null},"+":{"children":{"a":{"children":{},"matchingString":null},"*":{"children":{},"matchingString":null}},"matchingString":null}},"matchingString":null}},"matchingString":null}},"matchingString":null},"c":{"children":{"w":{"children":{},"matchingString":null},"d":{"children":{"+":{"children":{"*":{"children":{},"matchingString":null}},"matchingString":null}},"matchingString":null},"+":{"children":{"+":{"children":{"*":{"children":{},"matchingString":null},"+":{"children":{"+":{"children":{"*":{"children":{},"matchingString":null}},"matchingString":null}},"matchingString":null}},"matchingString":null}},"matchingString":null},"z":{"children":{"#":{"children":{},"matchingString":null}},"matchingString":null},"x":{"children":{"p":{"children":{"p":{"children":{"+":{"children":{"*":{"children":{},"matchingString":null}},"matchingString":null}},"matchingString":null}},"matchingString":null}},"matchingString":null}},"matchingString":null},"a":{"children":{"w":{"children":{"t":{"children":{"m":{"children":{},"matchingString":null}},"matchingString":null}},"matchingString":null},"e":{"children":{"l":{"children":{"o":{"children":{"a":{"children":{"*":{"children":{},"matchingString":null}},"matchingString":null}},"matchingString":null}},"matchingString":null}},"matchingString":null},"t":{"children":{"s":{"children":{"k":{"children":{"+":{"children":{"#":{"children":{},"matchingString":null}},"matchingString":null}},"matchingString":null}},"matchingString":null}},"matchingString":null},"a":{"children":{},"matchingString":null},"+":{"children":{"+":{"children":{"+":{"children":{"*":{"children":{},"matchingString":null}},"matchingString":null}},"matchingString":null}},"matchingString":null},"i":{"children":{},"matchingString":null}},"matchingString":null},"n":{"children":{"+":{"children":{"g":{"children":{"+":{"children":{"#":{"children":{},"matchingString":null}},"matchingString":null}},"matchingString":null}},"matchingString":null}},"matchingString":null},"o":{"children":{"p":{"children":{},"matchingString":null},"o":{"children":{"+":{"children":{"+":{"children":{"+":{"children":{"#":{"children":{},"matchingString":null}},"matchingString":null}},"matchingString":null}},"matchingString":null}},"matchingString":null}},"matchingString":null},"l":{"children":{"+":{"children":{"e":{"children":{"#":{"children":{},"matchingString":null}},"matchingString":null},"+":{"children":{"+":{"children":{"+":{"children":{"*":{"children":{},"matchingString":null},"j":{"children":{},"matchingString":null}},"matchingString":null}},"matchingString":null}},"matchingString":null}},"matchingString":null}},"matchingString":null},"m":{"children":{"g":{"children":{"*":{"children":{},"matchingString":null}},"matchingString":null},"r":{"children":{"w":{"children":{"#":{"children":{},"matchingString":null}},"matchingString":null}},"matchingString":null},"+":{"children":{"g":{"children":{"+":{"children":{"j":{"children":{"*":{"children":{},"matchingString":null}},"matchingString":null}},"matchingString":null}},"matchingString":null}},"matchingString":null}},"matchingString":null},"j":{"children":{"#":{"children":{},"matchingString":null},"*":{"children":{},"matchingString":null},"n":{"children":{"+":{"children":{"b":{"children":{},"matchingString":null}},"matchingString":null}},"matchingString":null},"+":{"children":{"t":{"children":{"#":{"children":{},"matchingString":null}},"matchingString":null},"+":{"children":{"w":{"children":{"x":{"children":{"i":{"children":{},"matchingString":null}},"matchingString":null}},"matchingString":null},"+":{"children":{"t":{"children":{},"matchingString":null}},"matchingString":null}},"matchingString":null}},"matchingString":null},"l":{"children":{"+":{"children":{"f":{"children":{"*":{"children":{},"matchingString":null}},"matchingString":null}},"matchingString":null}},"matchingString":null},"x":{"children":{"#":{"children":{},"matchingString":null}},"matchingString":null}},"matchingString":null},"k":{"children":{"#":{"children":{},"matchingString":null},"t":{"children":{"#":{"children":{},"matchingString":null}},"matchingString":null},"*":{"children":{},"matchingString":null},"+":{"children":{"d":{"children":{},"matchingString":null}},"matchingString":null}},"matchingString":null},"h":{"children":{"m":{"children":{"n":{"children":{"a":{"children":{"g":{"children":{"*":{"children":{},"matchingString":null}},"matchingString":null}},"matchingString":null}},"matchingString":null}},"matchingString":null},"y":{"children":{"+":{"children":{"+":{"children":{"*":{"children":{},"matchingString":null}},"matchingString":null}},"matchingString":null}},"matchingString":null}},"matchingString":null},"i":{"children":{"q":{"children":{"+":{"children":{"k":{"children":{"#":{"children":{},"matchingString":null}},"matchingString":null}},"matchingString":null}},"matchingString":null},"p":{"children":{"+":{"children":{"+":{"children":{"g":{"children":{"*":{"children":{},"matchingString":null}},"matchingString":null}},"matchingString":null}},"matchingString":null}},"matchingString":null},"+":{"children":{"+":{"children":{"+":{"children":{"*":{"children":{},"matchingString":null}},"matchingString":null}},"matchingString":null},"y":{"children":{"+":{"children":{"*":{"children":{},"matchingString":null}},"matchingString":null}},"matchingString":null}},"matchingString":null}},"matchingString":null},"w":{"children":{"+":{"children":{"q":{"children":{"+":{"children":{"+":{"children":{"#":{"children":{},"matchingString":null}},"matchingString":null}},"matchingString":null}},"matchingString":null}},"matchingString":null},"o":{"children":{"q":{"children":{"m":{"children":{"+":{"children":{"#":{"children":{},"matchingString":null}},"matchingString":null}},"matchingString":null}},"matchingString":null}},"matchingString":null}},"matchingString":null},"v":{"children":{"#":{"children":{},"matchingString":null},"u":{"children":{"#":{"children":{},"matchingString":null}},"matchingString":null},"s":{"children":{},"matchingString":null},"*":{"children":{},"matchingString":null},"+":{"children":{"u":{"children":{"+":{"children":{"a":{"children":{},"matchingString":null}},"matchingString":null}},"matchingString":null},"e":{"children":{"s":{"children":{},"matchingString":null}},"matchingString":null}},"matchingString":null},"y":{"children":{"#":{"children":{},"matchingString":null},"s":{"children":{"+":{"children":{"z":{"children":{},"matchingString":null}},"matchingString":null}},"matchingString":null}},"matchingString":null},"i":{"children":{"a":{"children":{"k":{"children":{"*":{"children":{},"matchingString":null}},"matchingString":null}},"matchingString":null}},"matchingString":null}},"matchingString":null},"u":{"children":{"l":{"children":{"k":{"children":{"+":{"children":{"+":{"children":{"#":{"children":{},"matchingString":null}},"matchingString":null}},"matchingString":null}},"matchingString":null}},"matchingString":null}},"matchingString":null},"t":{"children":{"+":{"children":{"+":{"children":{"r":{"children":{"v":{"children":{"*":{"children":{},"matchingString":null}},"matchingString":null}},"matchingString":null}},"matchingString":null}},"matchingString":null}},"matchingString":null},"s":{"children":{"v":{"children":{"x":{"children":{"#":{"children":{},"matchingString":null}},"matchingString":null}},"matchingString":null}},"matchingString":null},"r":{"children":{},"matchingString":null},"q":{"children":{"+":{"children":{"r":{"children":{"m":{"children":{"*":{"children":{},"matchingString":null}},"matchingString":null}},"matchingString":null},"+":{"children":{"f":{"children":{"h":{"children":{},"matchingString":null}},"matchingString":null},"s":{"children":{"f":{"children":{"#":{"children":{},"matchingString":null}},"matchingString":null}},"matchingString":null}},"matchingString":null},"z":{"children":{"+":{"children":{"*":{"children":{},"matchingString":null}},"matchingString":null}},"matchingString":null}},"matchingString":null},"y":{"children":{"a":{"children":{"+":{"children":{"h":{"children":{},"matchingString":null}},"matchingString":null}},"matchingString":null}},"matchingString":null}},"matchingString":null},"p":{"children":{"+":{"children":{"+":{"children":{"+":{"children":{"d":{"children":{"*":{"children":{},"matchingString":null}},"matchingString":null}},"matchingString":null}},"matchingString":null}},"matchingString":null},"j":{"children":{},"matchingString":null},"y":{"children":{"g":{"children":{"#":{"children":{},"matchingString":null}},"matchingString":null}},"matchingString":null}},"matchingString":null},"z":{"children":{"v":{"children":{"i":{"children":{"*":{"children":{},"matchingString":null}},"matchingString":null}},"matchingString":null},"*":{"children":{},"matchingString":null},"+":{"children":{"#":{"children":{},"matchingString":null}},"matchingString":null}},"matchingString":null},"y":{"children":{"*":{"children":{},"matchingString":null},"+":{"children":{"c":{"children":{"*":{"children":{},"matchingString":null}},"matchingString":null}},"matchingString":null}},"matchingString":null},"x":{"children":{"o":{"children":{"q":{"children":{"+":{"children":{"+":{"children":{"w":{"children":{},"matchingString":null}},"matchingString":null}},"matchingString":null}},"matchingString":null}},"matchingString":null}},"matchingString":null}},"matchingString":null}
2014-08-15 13:08:33 INFO  Main:93 - ==============================================================
2014-08-15 13:08:33 INFO  Main:94 - Matches for y.l
2014-08-15 13:08:33 INFO  Main:95 - ["y.*"]
2014-08-15 13:08:33 INFO  Main:96 - ==============================================================
2014-08-15 13:08:33 INFO  Main:93 - ==============================================================
2014-08-15 13:08:33 INFO  Main:94 - Matches for o.r.e.t.w.r
2014-08-15 13:08:33 INFO  Main:95 - []
2014-08-15 13:08:33 INFO  Main:96 - ==============================================================
2014-08-15 13:08:33 INFO  Main:93 - ==============================================================
2014-08-15 13:08:33 INFO  Main:94 - Matches for y.d
2014-08-15 13:08:33 INFO  Main:95 - ["y.*"]
2014-08-15 13:08:33 INFO  Main:96 - ==============================================================
2014-08-15 13:08:33 INFO  Main:93 - ==============================================================
2014-08-15 13:08:33 INFO  Main:94 - Matches for q.n
2014-08-15 13:08:33 INFO  Main:95 - []
2014-08-15 13:08:33 INFO  Main:96 - ==============================================================
2014-08-15 13:08:33 INFO  Main:93 - ==============================================================
2014-08-15 13:08:33 INFO  Main:94 - Matches for g
2014-08-15 13:08:33 INFO  Main:95 - ["g",".#"]
2014-08-15 13:08:33 INFO  Main:96 - ==============================================================
2014-08-15 13:08:33 INFO  Main:93 - ==============================================================
2014-08-15 13:08:33 INFO  Main:94 - Matches for b.e.v.n.z
2014-08-15 13:08:33 INFO  Main:95 - ["b.+.+.+.*"]
2014-08-15 13:08:33 INFO  Main:96 - ==============================================================
2014-08-15 13:08:33 INFO  Main:93 - ==============================================================
2014-08-15 13:08:33 INFO  Main:94 - Matches for e.w.p
2014-08-15 13:08:33 INFO  Main:95 - []
2014-08-15 13:08:33 INFO  Main:96 - ==============================================================
2014-08-15 13:08:33 INFO  Main:93 - ==============================================================
2014-08-15 13:08:33 INFO  Main:94 - Matches for h.q.a.a.c
2014-08-15 13:08:33 INFO  Main:95 - []
2014-08-15 13:08:33 INFO  Main:96 - ==============================================================
2014-08-15 13:08:33 INFO  Main:93 - ==============================================================
2014-08-15 13:08:33 INFO  Main:94 - Matches for y.w
2014-08-15 13:08:33 INFO  Main:95 - ["y.*"]
2014-08-15 13:08:33 INFO  Main:96 - ==============================================================
2014-08-15 13:08:33 INFO  Main:93 - ==============================================================
2014-08-15 13:08:33 INFO  Main:94 - Matches for s.z.x.i.c
2014-08-15 13:08:33 INFO  Main:95 - []
2014-08-15 13:08:33 INFO  Main:96 - ==============================================================
2014-08-15 13:08:33 INFO  Main:93 - ==============================================================
2014-08-15 13:08:33 INFO  Main:94 - Matches for c.a.r
2014-08-15 13:08:33 INFO  Main:95 - []
2014-08-15 13:08:33 INFO  Main:96 - ==============================================================
2014-08-15 13:08:33 INFO  Main:93 - ==============================================================
2014-08-15 13:08:33 INFO  Main:94 - Matches for b.g.i.e
2014-08-15 13:08:33 INFO  Main:95 - ["b.+.+.*"]
2014-08-15 13:08:33 INFO  Main:96 - ==============================================================
2014-08-15 13:08:33 INFO  Main:93 - ==============================================================
2014-08-15 13:08:33 INFO  Main:94 - Matches for a.t.m
2014-08-15 13:08:33 INFO  Main:95 - []
2014-08-15 13:08:33 INFO  Main:96 - ==============================================================
2014-08-15 13:08:33 INFO  Main:93 - ==============================================================
2014-08-15 13:08:33 INFO  Main:94 - Matches for c.k.n
2014-08-15 13:08:33 INFO  Main:95 - []
2014-08-15 13:08:33 INFO  Main:96 - ==============================================================
2014-08-15 13:08:33 INFO  Main:93 - ==============================================================
2014-08-15 13:08:33 INFO  Main:94 - Matches for f.r.k
2014-08-15 13:08:33 INFO  Main:95 - []
2014-08-15 13:08:33 INFO  Main:96 - ==============================================================
2014-08-15 13:08:33 INFO  Main:93 - ==============================================================
2014-08-15 13:08:33 INFO  Main:94 - Matches for c.r.t.l.x
2014-08-15 13:08:33 INFO  Main:95 - []
2014-08-15 13:08:33 INFO  Main:96 - ==============================================================
2014-08-15 13:08:33 INFO  Main:93 - ==============================================================
2014-08-15 13:08:33 INFO  Main:94 - Matches for p.r.w.r.p
2014-08-15 13:08:33 INFO  Main:95 - []
2014-08-15 13:08:33 INFO  Main:96 - ==============================================================
2014-08-15 13:08:33 INFO  Main:93 - ==============================================================
2014-08-15 13:08:33 INFO  Main:94 - Matches for u.v.t.f
2014-08-15 13:08:33 INFO  Main:95 - []
2014-08-15 13:08:33 INFO  Main:96 - ==============================================================
2014-08-15 13:08:33 INFO  Main:93 - ==============================================================
2014-08-15 13:08:33 INFO  Main:94 - Matches for c.y.l.d.k
2014-08-15 13:08:33 INFO  Main:95 - []
2014-08-15 13:08:33 INFO  Main:96 - ==============================================================
2014-08-15 13:08:33 INFO  Main:93 - ==============================================================
2014-08-15 13:08:33 INFO  Main:94 - Matches for a.q.n
2014-08-15 13:08:33 INFO  Main:95 - []
2014-08-15 13:08:33 INFO  Main:96 - ==============================================================
2014-08-15 13:08:33 INFO  Main:93 - ==============================================================
2014-08-15 13:08:33 INFO  Main:94 - Matches for n.l.q
2014-08-15 13:08:33 INFO  Main:95 - []
2014-08-15 13:08:33 INFO  Main:96 - ==============================================================
2014-08-15 13:08:33 INFO  Main:93 - ==============================================================
2014-08-15 13:08:33 INFO  Main:94 - Matches for f.t.x.c
2014-08-15 13:08:33 INFO  Main:95 - []
2014-08-15 13:08:33 INFO  Main:96 - ==============================================================
2014-08-15 13:08:33 INFO  Main:93 - ==============================================================
2014-08-15 13:08:33 INFO  Main:94 - Matches for h.s.m.z.b
2014-08-15 13:08:33 INFO  Main:95 - []
2014-08-15 13:08:33 INFO  Main:96 - ==============================================================
2014-08-15 13:08:33 INFO  Main:93 - ==============================================================
2014-08-15 13:08:33 INFO  Main:94 - Matches for x.a.z.k.v.c
2014-08-15 13:08:33 INFO  Main:95 - []
2014-08-15 13:08:33 INFO  Main:96 - ==============================================================
2014-08-15 13:08:33 INFO  Main:93 - ==============================================================
2014-08-15 13:08:33 INFO  Main:94 - Matches for p.f.l.a
2014-08-15 13:08:33 INFO  Main:95 - []
2014-08-15 13:08:33 INFO  Main:96 - ==============================================================
2014-08-15 13:08:33 INFO  Main:93 - ==============================================================
2014-08-15 13:08:33 INFO  Main:94 - Matches for s.r.w.y.z
2014-08-15 13:08:33 INFO  Main:95 - []
2014-08-15 13:08:33 INFO  Main:96 - ==============================================================
2014-08-15 13:08:33 INFO  Main:93 - ==============================================================
2014-08-15 13:08:33 INFO  Main:94 - Matches for g.h.l.v.n
2014-08-15 13:08:33 INFO  Main:95 - []
2014-08-15 13:08:33 INFO  Main:96 - ==============================================================
2014-08-15 13:08:33 INFO  Main:93 - ==============================================================
2014-08-15 13:08:33 INFO  Main:94 - Matches for k.z.u.f.i
2014-08-15 13:08:33 INFO  Main:95 - []
2014-08-15 13:08:33 INFO  Main:96 - ==============================================================
2014-08-15 13:08:33 INFO  Main:93 - ==============================================================
2014-08-15 13:08:33 INFO  Main:94 - Matches for m.w.z.v.q
2014-08-15 13:08:33 INFO  Main:95 - []
2014-08-15 13:08:33 INFO  Main:96 - ==============================================================
2014-08-15 13:08:33 INFO  Main:93 - ==============================================================
2014-08-15 13:08:33 INFO  Main:94 - Matches for l.m.c
2014-08-15 13:08:33 INFO  Main:95 - ["l.+.#"]
2014-08-15 13:08:33 INFO  Main:96 - ==============================================================
2014-08-15 13:08:33 INFO  Main:93 - ==============================================================
2014-08-15 13:08:33 INFO  Main:94 - Matches for d.u.y.a.z
2014-08-15 13:08:33 INFO  Main:95 - []
2014-08-15 13:08:33 INFO  Main:96 - ==============================================================
2014-08-15 13:08:33 INFO  Main:93 - ==============================================================
2014-08-15 13:08:33 INFO  Main:94 - Matches for z
2014-08-15 13:08:33 INFO  Main:95 - [".#","z"]
2014-08-15 13:08:33 INFO  Main:96 - ==============================================================
2014-08-15 13:08:33 INFO  Main:93 - ==============================================================
2014-08-15 13:08:33 INFO  Main:94 - Matches for j.w.q.h.g
2014-08-15 13:08:33 INFO  Main:95 - []
2014-08-15 13:08:33 INFO  Main:96 - ==============================================================
2014-08-15 13:08:33 INFO  Main:93 - ==============================================================
2014-08-15 13:08:33 INFO  Main:94 - Matches for z.m
2014-08-15 13:08:33 INFO  Main:95 - ["z.*","z.#"]
2014-08-15 13:08:33 INFO  Main:96 - ==============================================================
2014-08-15 13:08:33 INFO  Main:93 - ==============================================================
2014-08-15 13:08:33 INFO  Main:94 - Matches for e
2014-08-15 13:08:33 INFO  Main:95 - ["e","e.#",".#"]
2014-08-15 13:08:33 INFO  Main:96 - ==============================================================
2014-08-15 13:08:33 INFO  Main:93 - ==============================================================
2014-08-15 13:08:33 INFO  Main:94 - Matches for k.o.c.j.b
2014-08-15 13:08:33 INFO  Main:95 - []
2014-08-15 13:08:33 INFO  Main:96 - ==============================================================
2014-08-15 13:08:33 INFO  Main:93 - ==============================================================
2014-08-15 13:08:33 INFO  Main:94 - Matches for s.t.r
2014-08-15 13:08:33 INFO  Main:95 - []
2014-08-15 13:08:33 INFO  Main:96 - ==============================================================
2014-08-15 13:08:33 INFO  Main:93 - ==============================================================
2014-08-15 13:08:33 INFO  Main:94 - Matches for k.x.l.l
2014-08-15 13:08:33 INFO  Main:95 - []
2014-08-15 13:08:33 INFO  Main:96 - ==============================================================
2014-08-15 13:08:33 INFO  Main:93 - ==============================================================
2014-08-15 13:08:33 INFO  Main:94 - Matches for z.s.e.i.z
2014-08-15 13:08:33 INFO  Main:95 - []
2014-08-15 13:08:33 INFO  Main:96 - ==============================================================
2014-08-15 13:08:33 INFO  Main:93 - ==============================================================
2014-08-15 13:08:33 INFO  Main:94 - Matches for k.y.b.y.e
2014-08-15 13:08:33 INFO  Main:95 - []
2014-08-15 13:08:33 INFO  Main:96 - ==============================================================
2014-08-15 13:08:33 INFO  Main:93 - ==============================================================
2014-08-15 13:08:33 INFO  Main:94 - Matches for f.p.c.n.e.b
2014-08-15 13:08:33 INFO  Main:95 - ["f.+.+.+.+.*"]
2014-08-15 13:08:33 INFO  Main:96 - ==============================================================
2014-08-15 13:08:33 INFO  Main:93 - ==============================================================
2014-08-15 13:08:33 INFO  Main:94 - Matches for u.f
2014-08-15 13:08:33 INFO  Main:95 - []
2014-08-15 13:08:33 INFO  Main:96 - ==============================================================
2014-08-15 13:08:33 INFO  Main:93 - ==============================================================
2014-08-15 13:08:33 INFO  Main:94 - Matches for j.t.e.s.o
2014-08-15 13:08:33 INFO  Main:95 - []
2014-08-15 13:08:33 INFO  Main:96 - ==============================================================
2014-08-15 13:08:33 INFO  Main:93 - ==============================================================
2014-08-15 13:08:33 INFO  Main:94 - Matches for o.v.z.x.b
2014-08-15 13:08:33 INFO  Main:95 - []
2014-08-15 13:08:33 INFO  Main:96 - ==============================================================
2014-08-15 13:08:33 INFO  Main:93 - ==============================================================
2014-08-15 13:08:33 INFO  Main:94 - Matches for p.z.e.f
2014-08-15 13:08:33 INFO  Main:95 - []
2014-08-15 13:08:33 INFO  Main:96 - ==============================================================
2014-08-15 13:08:33 INFO  Main:93 - ==============================================================
2014-08-15 13:08:33 INFO  Main:94 - Matches for v.l.j.x
2014-08-15 13:08:33 INFO  Main:95 - []
2014-08-15 13:08:33 INFO  Main:96 - ==============================================================
2014-08-15 13:08:33 INFO  Main:93 - ==============================================================
2014-08-15 13:08:33 INFO  Main:94 - Matches for m.x.e.a.m.a
2014-08-15 13:08:33 INFO  Main:95 - []
2014-08-15 13:08:33 INFO  Main:96 - ==============================================================
2014-08-15 13:08:33 INFO  Main:93 - ==============================================================
2014-08-15 13:08:33 INFO  Main:94 - Matches for h
2014-08-15 13:08:33 INFO  Main:95 - [".#","h"]
2014-08-15 13:08:33 INFO  Main:96 - ==============================================================
2014-08-15 13:08:33 INFO  Main:93 - ==============================================================
2014-08-15 13:08:33 INFO  Main:94 - Matches for p.p.y
2014-08-15 13:08:33 INFO  Main:95 - []
2014-08-15 13:08:33 INFO  Main:96 - ==============================================================
2014-08-15 13:08:33 INFO  Main:93 - ==============================================================
2014-08-15 13:08:33 INFO  Main:94 - Matches for m.h.u.t.y.x
2014-08-15 13:08:33 INFO  Main:95 - []
2014-08-15 13:08:33 INFO  Main:96 - ==============================================================
2014-08-15 13:08:33 INFO  Main:93 - ==============================================================
2014-08-15 13:08:33 INFO  Main:94 - Matches for f.c
2014-08-15 13:08:33 INFO  Main:95 - ["f.c"]
2014-08-15 13:08:33 INFO  Main:96 - ==============================================================
2014-08-15 13:08:33 INFO  Main:93 - ==============================================================
2014-08-15 13:08:33 INFO  Main:94 - Matches for d.x.a.i.u.t
2014-08-15 13:08:33 INFO  Main:95 - []
2014-08-15 13:08:33 INFO  Main:96 - ==============================================================
2014-08-15 13:08:33 INFO  Main:93 - ==============================================================
2014-08-15 13:08:33 INFO  Main:94 - Matches for w.u.p.q
2014-08-15 13:08:33 INFO  Main:95 - []
2014-08-15 13:08:33 INFO  Main:96 - ==============================================================
2014-08-15 13:08:33 INFO  Main:93 - ==============================================================
2014-08-15 13:08:33 INFO  Main:94 - Matches for y.t.n.i.a.o
2014-08-15 13:08:33 INFO  Main:95 - []
2014-08-15 13:08:33 INFO  Main:96 - ==============================================================
2014-08-15 13:08:33 INFO  Main:93 - ==============================================================
2014-08-15 13:08:33 INFO  Main:94 - Matches for v.u.u
2014-08-15 13:08:33 INFO  Main:95 - ["v.u.#","v.+.u"]
2014-08-15 13:08:33 INFO  Main:96 - ==============================================================
2014-08-15 13:08:33 INFO  Main:93 - ==============================================================
2014-08-15 13:08:33 INFO  Main:94 - Matches for g
2014-08-15 13:08:33 INFO  Main:95 - ["g",".#"]
2014-08-15 13:08:33 INFO  Main:96 - ==============================================================
2014-08-15 13:08:33 INFO  Main:93 - ==============================================================
2014-08-15 13:08:33 INFO  Main:94 - Matches for b.p.h.s
2014-08-15 13:08:33 INFO  Main:95 - ["b.+.+.*"]
2014-08-15 13:08:33 INFO  Main:96 - ==============================================================
2014-08-15 13:08:33 INFO  Main:93 - ==============================================================
2014-08-15 13:08:33 INFO  Main:94 - Matches for s
2014-08-15 13:08:33 INFO  Main:95 - [".#","s"]
2014-08-15 13:08:33 INFO  Main:96 - ==============================================================
2014-08-15 13:08:33 INFO  Main:93 - ==============================================================
2014-08-15 13:08:33 INFO  Main:94 - Matches for g.w.i.o.x.h
2014-08-15 13:08:33 INFO  Main:95 - []
2014-08-15 13:08:33 INFO  Main:96 - ==============================================================
2014-08-15 13:08:33 INFO  Main:93 - ==============================================================
2014-08-15 13:08:33 INFO  Main:94 - Matches for q.t
2014-08-15 13:08:33 INFO  Main:95 - []
2014-08-15 13:08:33 INFO  Main:96 - ==============================================================
2014-08-15 13:08:33 INFO  Main:93 - ==============================================================
2014-08-15 13:08:33 INFO  Main:94 - Matches for t.m.x
2014-08-15 13:08:33 INFO  Main:95 - []
2014-08-15 13:08:33 INFO  Main:96 - ==============================================================
2014-08-15 13:08:33 INFO  Main:93 - ==============================================================
2014-08-15 13:08:33 INFO  Main:94 - Matches for x.u
2014-08-15 13:08:33 INFO  Main:95 - []
2014-08-15 13:08:33 INFO  Main:96 - ==============================================================
2014-08-15 13:08:33 INFO  Main:93 - ==============================================================
2014-08-15 13:08:33 INFO  Main:94 - Matches for f.s.t.j.w.d
2014-08-15 13:08:33 INFO  Main:95 - ["f.+.+.+.+.*"]
2014-08-15 13:08:33 INFO  Main:96 - ==============================================================
2014-08-15 13:08:33 INFO  Main:93 - ==============================================================
2014-08-15 13:08:33 INFO  Main:94 - Matches for g.g
2014-08-15 13:08:33 INFO  Main:95 - []
2014-08-15 13:08:33 INFO  Main:96 - ==============================================================
2014-08-15 13:08:33 INFO  Main:93 - ==============================================================
2014-08-15 13:08:33 INFO  Main:94 - Matches for q.t.n.v.z.v
2014-08-15 13:08:33 INFO  Main:95 - []
2014-08-15 13:08:33 INFO  Main:96 - ==============================================================
2014-08-15 13:08:33 INFO  Main:93 - ==============================================================
2014-08-15 13:08:33 INFO  Main:94 - Matches for a
2014-08-15 13:08:33 INFO  Main:95 - [".#","a"]
2014-08-15 13:08:33 INFO  Main:96 - ==============================================================
2014-08-15 13:08:33 INFO  Main:93 - ==============================================================
2014-08-15 13:08:33 INFO  Main:94 - Matches for z
2014-08-15 13:08:33 INFO  Main:95 - [".#","z"]
2014-08-15 13:08:33 INFO  Main:96 - ==============================================================
2014-08-15 13:08:33 INFO  Main:93 - ==============================================================
2014-08-15 13:08:33 INFO  Main:94 - Matches for i.y.b
2014-08-15 13:08:33 INFO  Main:95 - []
2014-08-15 13:08:33 INFO  Main:96 - ==============================================================
2014-08-15 13:08:33 INFO  Main:93 - ==============================================================
2014-08-15 13:08:33 INFO  Main:94 - Matches for s.n.a.x.b
2014-08-15 13:08:33 INFO  Main:95 - []
2014-08-15 13:08:33 INFO  Main:96 - ==============================================================
2014-08-15 13:08:33 INFO  Main:93 - ==============================================================
2014-08-15 13:08:33 INFO  Main:94 - Matches for e.m.l.e
2014-08-15 13:08:33 INFO  Main:95 - []
2014-08-15 13:08:33 INFO  Main:96 - ==============================================================
2014-08-15 13:08:33 INFO  Main:93 - ==============================================================
2014-08-15 13:08:33 INFO  Main:94 - Matches for w.p.q.b.s.y
2014-08-15 13:08:33 INFO  Main:95 - ["w.+.q.+.+.#"]
2014-08-15 13:08:33 INFO  Main:96 - ==============================================================
2014-08-15 13:08:33 INFO  Main:93 - ==============================================================
2014-08-15 13:08:33 INFO  Main:94 - Matches for c.f
2014-08-15 13:08:33 INFO  Main:95 - ["c.#"]
2014-08-15 13:08:33 INFO  Main:96 - ==============================================================
2014-08-15 13:08:33 INFO  Main:93 - ==============================================================
2014-08-15 13:08:33 INFO  Main:94 - Matches for j.l.h.n.j.n
2014-08-15 13:08:33 INFO  Main:95 - []
2014-08-15 13:08:33 INFO  Main:96 - ==============================================================
2014-08-15 13:08:33 INFO  Main:93 - ==============================================================
2014-08-15 13:08:33 INFO  Main:94 - Matches for l.t.i.k.z
2014-08-15 13:08:33 INFO  Main:95 - []
2014-08-15 13:08:33 INFO  Main:96 - ==============================================================
2014-08-15 13:08:33 INFO  Main:93 - ==============================================================
2014-08-15 13:08:33 INFO  Main:94 - Matches for d.c.d.w
2014-08-15 13:08:33 INFO  Main:95 - []
2014-08-15 13:08:33 INFO  Main:96 - ==============================================================
2014-08-15 13:08:33 INFO  Main:93 - ==============================================================
2014-08-15 13:08:33 INFO  Main:94 - Matches for v.c.v.t.o
2014-08-15 13:08:33 INFO  Main:95 - []
2014-08-15 13:08:33 INFO  Main:96 - ==============================================================
2014-08-15 13:08:33 INFO  Main:93 - ==============================================================
2014-08-15 13:08:33 INFO  Main:94 - Matches for p.o
2014-08-15 13:08:33 INFO  Main:95 - []
2014-08-15 13:08:33 INFO  Main:96 - ==============================================================
2014-08-15 13:08:33 INFO  Main:93 - ==============================================================
2014-08-15 13:08:33 INFO  Main:94 - Matches for q.z.y
2014-08-15 13:08:33 INFO  Main:95 - []
2014-08-15 13:08:33 INFO  Main:96 - ==============================================================
2014-08-15 13:08:33 INFO  Main:93 - ==============================================================
2014-08-15 13:08:33 INFO  Main:94 - Matches for v.c.g.k.c
2014-08-15 13:08:33 INFO  Main:95 - []
2014-08-15 13:08:33 INFO  Main:96 - ==============================================================
2014-08-15 13:08:33 INFO  Main:93 - ==============================================================
2014-08-15 13:08:33 INFO  Main:94 - Matches for k.m.e.s.a
2014-08-15 13:08:33 INFO  Main:95 - []
2014-08-15 13:08:33 INFO  Main:96 - ==============================================================
2014-08-15 13:08:33 INFO  Main:93 - ==============================================================
2014-08-15 13:08:33 INFO  Main:94 - Matches for g.b.z.j.u
2014-08-15 13:08:33 INFO  Main:95 - []
2014-08-15 13:08:33 INFO  Main:96 - ==============================================================
2014-08-15 13:08:33 INFO  Main:93 - ==============================================================
2014-08-15 13:08:33 INFO  Main:94 - Matches for r.v
2014-08-15 13:08:33 INFO  Main:95 - []
2014-08-15 13:08:33 INFO  Main:96 - ==============================================================
2014-08-15 13:08:33 INFO  Main:93 - ==============================================================
2014-08-15 13:08:33 INFO  Main:94 - Matches for j.g.p.k.j.j
2014-08-15 13:08:33 INFO  Main:95 - []
2014-08-15 13:08:33 INFO  Main:96 - ==============================================================
2014-08-15 13:08:33 INFO  Main:93 - ==============================================================
2014-08-15 13:08:33 INFO  Main:94 - Matches for x.v.n.o.m.e
2014-08-15 13:08:33 INFO  Main:95 - []
2014-08-15 13:08:33 INFO  Main:96 - ==============================================================
2014-08-15 13:08:33 INFO  Main:93 - ==============================================================
2014-08-15 13:08:33 INFO  Main:94 - Matches for u.u
2014-08-15 13:08:33 INFO  Main:95 - []
2014-08-15 13:08:33 INFO  Main:96 - ==============================================================
2014-08-15 13:08:33 INFO  Main:93 - ==============================================================
2014-08-15 13:08:33 INFO  Main:94 - Matches for v.d.e
2014-08-15 13:08:33 INFO  Main:95 - ["v.+.e"]
2014-08-15 13:08:33 INFO  Main:96 - ==============================================================
2014-08-15 13:08:33 INFO  Main:93 - ==============================================================
2014-08-15 13:08:33 INFO  Main:94 - Matches for i.l.u.m
2014-08-15 13:08:33 INFO  Main:95 - []
2014-08-15 13:08:33 INFO  Main:96 - ==============================================================
2014-08-15 13:08:33 INFO  Main:93 - ==============================================================
2014-08-15 13:08:33 INFO  Main:94 - Matches for d.h.z.s.t.d
2014-08-15 13:08:33 INFO  Main:95 - []
2014-08-15 13:08:33 INFO  Main:96 - ==============================================================
2014-08-15 13:08:33 INFO  Main:93 - ==============================================================
2014-08-15 13:08:33 INFO  Main:94 - Matches for v.m.f.g.m.d
2014-08-15 13:08:33 INFO  Main:95 - []
2014-08-15 13:08:33 INFO  Main:96 - ==============================================================
2014-08-15 13:08:33 INFO  Main:93 - ==============================================================
2014-08-15 13:08:33 INFO  Main:94 - Matches for k.k.e.t.a.w
2014-08-15 13:08:33 INFO  Main:95 - []
2014-08-15 13:08:33 INFO  Main:96 - ==============================================================
2014-08-15 13:08:33 INFO  Main:93 - ==============================================================
2014-08-15 13:08:33 INFO  Main:94 - Matches for o.l.d.a.a.f
2014-08-15 13:08:33 INFO  Main:95 - []
2014-08-15 13:08:33 INFO  Main:96 - ==============================================================
2014-08-15 13:08:33 INFO  Main:93 - ==============================================================
2014-08-15 13:08:33 INFO  Main:94 - Matches for e.h.l
2014-08-15 13:08:33 INFO  Main:95 - []
2014-08-15 13:08:33 INFO  Main:96 - ==============================================================
2014-08-15 13:08:33 INFO  Main:93 - ==============================================================
2014-08-15 13:08:33 INFO  Main:94 - Matches for m.k
2014-08-15 13:08:33 INFO  Main:95 - []
2014-08-15 13:08:33 INFO  Main:96 - ==============================================================
2014-08-15 13:08:33 INFO  Main:93 - ==============================================================
2014-08-15 13:08:33 INFO  Main:94 - Matches for z.m.d.y
2014-08-15 13:08:33 INFO  Main:95 - []
2014-08-15 13:08:33 INFO  Main:96 - ==============================================================
2014-08-15 13:08:33 INFO  Main:93 - ==============================================================
2014-08-15 13:08:33 INFO  Main:94 - Matches for w.q.k
2014-08-15 13:08:33 INFO  Main:95 - []
2014-08-15 13:08:33 INFO  Main:96 - ==============================================================
2014-08-15 13:08:33 INFO  Main:93 - ==============================================================
2014-08-15 13:08:33 INFO  Main:94 - Matches for c.n.l.l
2014-08-15 13:08:33 INFO  Main:95 - ["c.+.+.*"]
2014-08-15 13:08:33 INFO  Main:96 - ==============================================================
2014-08-15 13:08:33 INFO  Main:93 - ==============================================================
2014-08-15 13:08:33 INFO  Main:94 - Matches for t.p.m.j.k.s
2014-08-15 13:08:33 INFO  Main:95 - []
2014-08-15 13:08:33 INFO  Main:96 - ==============================================================
2014-08-15 13:08:33 INFO  Main:93 - ==============================================================
2014-08-15 13:08:33 INFO  Main:94 - Matches for u.k.r.l.p
2014-08-15 13:08:33 INFO  Main:95 - []
2014-08-15 13:08:33 INFO  Main:96 - ==============================================================
2014-08-15 13:08:33 INFO  Main:93 - ==============================================================
2014-08-15 13:08:33 INFO  Main:94 - Matches for e.p.v.i.w.t
2014-08-15 13:08:33 INFO  Main:95 - []
2014-08-15 13:08:33 INFO  Main:96 - ==============================================================
2014-08-15 13:08:33 INFO  Main:93 - ==============================================================
2014-08-15 13:08:33 INFO  Main:94 - Matches for o
2014-08-15 13:08:33 INFO  Main:95 - [".#","o"]
2014-08-15 13:08:33 INFO  Main:96 - ==============================================================
2014-08-15 13:08:33 INFO  Main:77 - Deleting subscriptions
2014-08-15 13:08:33 INFO  Main:83 - Deletion successful
2014-08-15 13:08:33 INFO  Main:84 - {"children":{},"matchingString":""}
2014-08-15 13:13:20 INFO  Main:71 - {"children":{"dest2":{"children":{"+":{"children":{"news":{"children":{"today":{"children":{"*":{"children":{},"matchingString":null}},"matchingString":null},"+":{"children":{"hehe":{"children":{},"matchingString":null}},"matchingString":null}},"matchingString":null}},"matchingString":null}},"matchingString":null},"dest":{"children":{"#":{"children":{},"matchingString":null},"sports":{"children":{"#":{"children":{},"matchingString":null},"news":{"children":{},"matchingString":null},"*":{"children":{},"matchingString":null}},"matchingString":null},"*":{"children":{},"matchingString":null},"+":{"children":{"news":{"children":{},"matchingString":null},"+":{"children":{"today":{"children":{},"matchingString":null}},"matchingString":null}},"matchingString":null}},"matchingString":null}},"matchingString":null}
2014-08-15 13:13:20 INFO  Main:93 - ==============================================================
2014-08-15 13:13:20 INFO  Main:94 - Matches for dest.1
2014-08-15 13:13:20 INFO  Main:95 - ["dest.#","dest.*"]
2014-08-15 13:13:20 INFO  Main:96 - ==============================================================
2014-08-15 13:13:20 INFO  Main:93 - ==============================================================
2014-08-15 13:13:20 INFO  Main:94 - Matches for dest.sports.news
2014-08-15 13:13:20 INFO  Main:95 - ["dest.sports.#","dest.sports.news","dest.sports.*","dest.+.news"]
2014-08-15 13:13:20 INFO  Main:96 - ==============================================================
2014-08-15 13:13:20 INFO  Main:93 - ==============================================================
2014-08-15 13:13:20 INFO  Main:94 - Matches for dest.2
2014-08-15 13:13:20 INFO  Main:95 - ["dest.#","dest.*"]
2014-08-15 13:13:20 INFO  Main:96 - ==============================================================
2014-08-15 13:13:20 INFO  Main:93 - ==============================================================
2014-08-15 13:13:20 INFO  Main:94 - Matches for dest
2014-08-15 13:13:20 INFO  Main:95 - ["dest","dest.#"]
2014-08-15 13:13:20 INFO  Main:96 - ==============================================================
2014-08-15 13:13:20 INFO  Main:93 - ==============================================================
2014-08-15 13:13:20 INFO  Main:94 - Matches for dest.sports
2014-08-15 13:13:20 INFO  Main:95 - ["dest.#","dest.sports","dest.sports.#","dest.*"]
2014-08-15 13:13:20 INFO  Main:96 - ==============================================================
2014-08-15 13:13:20 INFO  Main:93 - ==============================================================
2014-08-15 13:13:20 INFO  Main:94 - Matches for dest.weather.news
2014-08-15 13:13:20 INFO  Main:95 - ["dest.+.news"]
2014-08-15 13:13:20 INFO  Main:96 - ==============================================================
2014-08-15 13:13:20 INFO  Main:93 - ==============================================================
2014-08-15 13:13:20 INFO  Main:94 - Matches for dest.sports.news.today
2014-08-15 13:13:20 INFO  Main:95 - ["dest.+.+.today"]
2014-08-15 13:13:20 INFO  Main:96 - ==============================================================
2014-08-15 13:13:20 INFO  Main:93 - ==============================================================
2014-08-15 13:13:20 INFO  Main:94 - Matches for dest.sports.news.yesterday
2014-08-15 13:13:20 INFO  Main:95 - []
2014-08-15 13:13:20 INFO  Main:96 - ==============================================================
2014-08-15 13:13:20 INFO  Main:93 - ==============================================================
2014-08-15 13:13:20 INFO  Main:94 - Matches for dest2.weather.news
2014-08-15 13:13:20 INFO  Main:95 - ["dest2.+.news"]
2014-08-15 13:13:20 INFO  Main:96 - ==============================================================
2014-08-15 13:13:20 INFO  Main:93 - ==============================================================
2014-08-15 13:13:20 INFO  Main:94 - Matches for dest2.sports.news.today.hehe
2014-08-15 13:13:20 INFO  Main:95 - ["dest2.+.news.today.*","dest2.+.news.+.hehe"]
2014-08-15 13:13:20 INFO  Main:96 - ==============================================================
2014-08-15 13:13:20 INFO  Main:77 - Deleting subscriptions
2014-08-15 13:13:20 INFO  Main:83 - Deletion successful
2014-08-15 13:13:20 INFO  Main:84 - {"children":{},"matchingString":""}
2014-08-15 13:13:34 INFO  Main:71 - {"children":{"dest2":{"children":{"+":{"children":{"news":{"children":{"today":{"children":{"*":{"children":{},"matchingString":null}},"matchingString":null},"+":{"children":{"hehe":{"children":{},"matchingString":null}},"matchingString":null}},"matchingString":null}},"matchingString":null}},"matchingString":null},"dest":{"children":{"#":{"children":{},"matchingString":null},"sports":{"children":{"#":{"children":{},"matchingString":null},"news":{"children":{},"matchingString":null},"*":{"children":{},"matchingString":null}},"matchingString":null},"*":{"children":{},"matchingString":null},"+":{"children":{"news":{"children":{},"matchingString":null},"+":{"children":{"today":{"children":{},"matchingString":null}},"matchingString":null}},"matchingString":null}},"matchingString":null}},"matchingString":null}
2014-08-15 13:13:34 INFO  Main:93 - ==============================================================
2014-08-15 13:13:34 INFO  Main:94 - Matches for dest.1
2014-08-15 13:13:34 INFO  Main:95 - ["dest.#","dest.*"]
2014-08-15 13:13:34 INFO  Main:96 - ==============================================================
2014-08-15 13:13:34 INFO  Main:93 - ==============================================================
2014-08-15 13:13:34 INFO  Main:94 - Matches for dest.sports.news
2014-08-15 13:13:34 INFO  Main:95 - ["dest.sports.#","dest.sports.news","dest.sports.*","dest.+.news"]
2014-08-15 13:13:34 INFO  Main:96 - ==============================================================
2014-08-15 13:13:34 INFO  Main:93 - ==============================================================
2014-08-15 13:13:34 INFO  Main:94 - Matches for dest.2
2014-08-15 13:13:34 INFO  Main:95 - ["dest.#","dest.*"]
2014-08-15 13:13:34 INFO  Main:96 - ==============================================================
2014-08-15 13:13:34 INFO  Main:93 - ==============================================================
2014-08-15 13:13:34 INFO  Main:94 - Matches for dest
2014-08-15 13:13:34 INFO  Main:95 - ["dest","dest.#"]
2014-08-15 13:13:34 INFO  Main:96 - ==============================================================
2014-08-15 13:13:34 INFO  Main:93 - ==============================================================
2014-08-15 13:13:34 INFO  Main:94 - Matches for dest.sports
2014-08-15 13:13:34 INFO  Main:95 - ["dest.#","dest.sports","dest.sports.#","dest.*"]
2014-08-15 13:13:34 INFO  Main:96 - ==============================================================
2014-08-15 13:13:34 INFO  Main:93 - ==============================================================
2014-08-15 13:13:34 INFO  Main:94 - Matches for dest.weather.news
2014-08-15 13:13:34 INFO  Main:95 - ["dest.+.news"]
2014-08-15 13:13:34 INFO  Main:96 - ==============================================================
2014-08-15 13:13:34 INFO  Main:93 - ==============================================================
2014-08-15 13:13:34 INFO  Main:94 - Matches for dest.sports.news.today
2014-08-15 13:13:34 INFO  Main:95 - ["dest.+.+.today"]
2014-08-15 13:13:34 INFO  Main:96 - ==============================================================
2014-08-15 13:13:34 INFO  Main:93 - ==============================================================
2014-08-15 13:13:34 INFO  Main:94 - Matches for dest.sports.news.yesterday
2014-08-15 13:13:34 INFO  Main:95 - []
2014-08-15 13:13:34 INFO  Main:96 - ==============================================================
2014-08-15 13:13:34 INFO  Main:93 - ==============================================================
2014-08-15 13:13:34 INFO  Main:94 - Matches for dest2.weather.news
2014-08-15 13:13:34 INFO  Main:95 - ["dest2.+.news"]
2014-08-15 13:13:34 INFO  Main:96 - ==============================================================
2014-08-15 13:13:34 INFO  Main:93 - ==============================================================
2014-08-15 13:13:34 INFO  Main:94 - Matches for dest2.sports.news.today.hehe
2014-08-15 13:13:34 INFO  Main:95 - ["dest2.+.news.today.*","dest2.+.news.+.hehe"]
2014-08-15 13:13:34 INFO  Main:96 - ==============================================================
2014-08-15 13:13:34 INFO  Main:77 - Deleting subscriptions
2014-08-15 13:13:34 INFO  Main:83 - Deletion successful
2014-08-15 13:13:34 INFO  Main:84 - {"children":{},"matchingString":""}
